{"C:\\Users\\emnak\\OneDrive\\Desktop\\DiscordBot\\src\\controllers\\sprintsController.ts": {"path":"C:\\Users\\emnak\\OneDrive\\Desktop\\DiscordBot\\src\\controllers\\sprintsController.ts","statementMap":{"0":{"start":{"line":2,"column":0},"end":{"line":2,"column":57}},"1":{"start":{"line":4,"column":11},"end":{"line":4,"column":26}},"2":{"start":{"line":6,"column":26},"end":{"line":99,"column":null}},"3":{"start":{"line":7,"column":69},"end":{"line":21,"column":null}},"4":{"start":{"line":8,"column":4},"end":{"line":20,"column":5}},"5":{"start":{"line":9,"column":42},"end":{"line":9,"column":50}},"6":{"start":{"line":10,"column":24},"end":{"line":10,"column":74}},"7":{"start":{"line":12,"column":6},"end":{"line":16,"column":7}},"8":{"start":{"line":13,"column":8},"end":{"line":13,"column":null}},"9":{"start":{"line":15,"column":8},"end":{"line":15,"column":null}},"10":{"start":{"line":18,"column":6},"end":{"line":18,"column":null}},"11":{"start":{"line":19,"column":6},"end":{"line":19,"column":null}},"12":{"start":{"line":23,"column":71},"end":{"line":31,"column":null}},"13":{"start":{"line":24,"column":4},"end":{"line":30,"column":5}},"14":{"start":{"line":25,"column":26},"end":{"line":25,"column":50}},"15":{"start":{"line":26,"column":6},"end":{"line":26,"column":null}},"16":{"start":{"line":28,"column":6},"end":{"line":28,"column":null}},"17":{"start":{"line":29,"column":6},"end":{"line":29,"column":null}},"18":{"start":{"line":33,"column":72},"end":{"line":48,"column":null}},"19":{"start":{"line":34,"column":27},"end":{"line":34,"column":37}},"20":{"start":{"line":36,"column":4},"end":{"line":47,"column":5}},"21":{"start":{"line":37,"column":21},"end":{"line":37,"column":57}},"22":{"start":{"line":39,"column":6},"end":{"line":43,"column":7}},"23":{"start":{"line":40,"column":8},"end":{"line":40,"column":null}},"24":{"start":{"line":42,"column":8},"end":{"line":42,"column":null}},"25":{"start":{"line":45,"column":6},"end":{"line":45,"column":null}},"26":{"start":{"line":46,"column":6},"end":{"line":46,"column":null}},"27":{"start":{"line":50,"column":73},"end":{"line":63,"column":null}},"28":{"start":{"line":51,"column":4},"end":{"line":62,"column":5}},"29":{"start":{"line":52,"column":22},"end":{"line":52,"column":49}},"30":{"start":{"line":54,"column":6},"end":{"line":58,"column":7}},"31":{"start":{"line":55,"column":8},"end":{"line":55,"column":null}},"32":{"start":{"line":57,"column":8},"end":{"line":57,"column":null}},"33":{"start":{"line":60,"column":6},"end":{"line":60,"column":null}},"34":{"start":{"line":61,"column":6},"end":{"line":61,"column":null}},"35":{"start":{"line":65,"column":75},"end":{"line":80,"column":null}},"36":{"start":{"line":66,"column":27},"end":{"line":66,"column":37}},"37":{"start":{"line":68,"column":4},"end":{"line":79,"column":5}},"38":{"start":{"line":69,"column":22},"end":{"line":69,"column":61}},"39":{"start":{"line":71,"column":6},"end":{"line":75,"column":7}},"40":{"start":{"line":72,"column":8},"end":{"line":72,"column":null}},"41":{"start":{"line":74,"column":8},"end":{"line":74,"column":null}},"42":{"start":{"line":77,"column":6},"end":{"line":77,"column":null}},"43":{"start":{"line":78,"column":6},"end":{"line":78,"column":null}},"44":{"start":{"line":82,"column":69},"end":{"line":98,"column":null}},"45":{"start":{"line":83,"column":27},"end":{"line":83,"column":37}},"46":{"start":{"line":84,"column":55},"end":{"line":84,"column":63}},"47":{"start":{"line":86,"column":4},"end":{"line":97,"column":5}},"48":{"start":{"line":87,"column":28},"end":{"line":87,"column":105}},"49":{"start":{"line":89,"column":6},"end":{"line":93,"column":7}},"50":{"start":{"line":90,"column":8},"end":{"line":90,"column":null}},"51":{"start":{"line":92,"column":8},"end":{"line":92,"column":null}},"52":{"start":{"line":95,"column":6},"end":{"line":95,"column":null}},"53":{"start":{"line":96,"column":6},"end":{"line":96,"column":null}},"54":{"start":{"line":101,"column":0},"end":{"line":101,"column":null}}},"fnMap":{"0":{"name":"(anonymous_8)","decl":{"start":{"line":7,"column":16},"end":{"line":7,"column":23}},"loc":{"start":{"line":7,"column":69},"end":{"line":21,"column":null}}},"1":{"name":"(anonymous_9)","decl":{"start":{"line":7,"column":69},"end":{"line":7,"column":null}},"loc":{"start":{"line":7,"column":69},"end":{"line":21,"column":3}}},"2":{"name":"(anonymous_10)","decl":{"start":{"line":23,"column":17},"end":{"line":23,"column":24}},"loc":{"start":{"line":23,"column":71},"end":{"line":31,"column":null}}},"3":{"name":"(anonymous_11)","decl":{"start":{"line":23,"column":71},"end":{"line":23,"column":null}},"loc":{"start":{"line":23,"column":71},"end":{"line":31,"column":3}}},"4":{"name":"(anonymous_12)","decl":{"start":{"line":33,"column":19},"end":{"line":33,"column":26}},"loc":{"start":{"line":33,"column":72},"end":{"line":48,"column":null}}},"5":{"name":"(anonymous_13)","decl":{"start":{"line":33,"column":72},"end":{"line":33,"column":null}},"loc":{"start":{"line":33,"column":72},"end":{"line":48,"column":3}}},"6":{"name":"(anonymous_14)","decl":{"start":{"line":50,"column":20},"end":{"line":50,"column":27}},"loc":{"start":{"line":50,"column":73},"end":{"line":63,"column":null}}},"7":{"name":"(anonymous_15)","decl":{"start":{"line":50,"column":73},"end":{"line":50,"column":null}},"loc":{"start":{"line":50,"column":73},"end":{"line":63,"column":3}}},"8":{"name":"(anonymous_16)","decl":{"start":{"line":65,"column":22},"end":{"line":65,"column":29}},"loc":{"start":{"line":65,"column":75},"end":{"line":80,"column":null}}},"9":{"name":"(anonymous_17)","decl":{"start":{"line":65,"column":75},"end":{"line":65,"column":null}},"loc":{"start":{"line":65,"column":75},"end":{"line":80,"column":3}}},"10":{"name":"(anonymous_18)","decl":{"start":{"line":82,"column":16},"end":{"line":82,"column":23}},"loc":{"start":{"line":82,"column":69},"end":{"line":98,"column":null}}},"11":{"name":"(anonymous_19)","decl":{"start":{"line":82,"column":69},"end":{"line":82,"column":null}},"loc":{"start":{"line":82,"column":69},"end":{"line":98,"column":3}}}},"branchMap":{"0":{"loc":{"start":{"line":12,"column":6},"end":{"line":16,"column":7}},"type":"if","locations":[{"start":{"line":12,"column":6},"end":{"line":16,"column":7}},{"start":{"line":14,"column":13},"end":{"line":16,"column":7}}]},"1":{"loc":{"start":{"line":12,"column":10},"end":{"line":12,"column":78}},"type":"binary-expr","locations":[{"start":{"line":12,"column":10},"end":{"line":12,"column":19}},{"start":{"line":12,"column":23},"end":{"line":12,"column":49}},{"start":{"line":12,"column":53},"end":{"line":12,"column":78}}]},"2":{"loc":{"start":{"line":39,"column":6},"end":{"line":43,"column":7}},"type":"if","locations":[{"start":{"line":39,"column":6},"end":{"line":43,"column":7}},{"start":{"line":41,"column":13},"end":{"line":43,"column":7}}]},"3":{"loc":{"start":{"line":54,"column":6},"end":{"line":58,"column":7}},"type":"if","locations":[{"start":{"line":54,"column":6},"end":{"line":58,"column":7}},{"start":{"line":56,"column":13},"end":{"line":58,"column":7}}]},"4":{"loc":{"start":{"line":71,"column":6},"end":{"line":75,"column":7}},"type":"if","locations":[{"start":{"line":71,"column":6},"end":{"line":75,"column":7}},{"start":{"line":73,"column":13},"end":{"line":75,"column":7}}]},"5":{"loc":{"start":{"line":89,"column":6},"end":{"line":93,"column":7}},"type":"if","locations":[{"start":{"line":89,"column":6},"end":{"line":93,"column":7}},{"start":{"line":91,"column":13},"end":{"line":93,"column":7}}]}},"s":{"0":1,"1":1,"2":1,"3":2,"4":2,"5":2,"6":2,"7":1,"8":1,"9":0,"10":1,"11":1,"12":2,"13":2,"14":2,"15":1,"16":1,"17":1,"18":3,"19":3,"20":3,"21":3,"22":2,"23":1,"24":1,"25":1,"26":1,"27":3,"28":3,"29":3,"30":2,"31":1,"32":1,"33":1,"34":1,"35":3,"36":3,"37":3,"38":3,"39":2,"40":1,"41":1,"42":1,"43":1,"44":3,"45":3,"46":3,"47":3,"48":3,"49":2,"50":1,"51":1,"52":1,"53":1,"54":1},"f":{"0":2,"1":2,"2":2,"3":2,"4":3,"5":3,"6":3,"7":3,"8":3,"9":3,"10":3,"11":3},"b":{"0":[1,0],"1":[1,1,1],"2":[1,1],"3":[1,1],"4":[1,1],"5":[1,1]}}
,"C:\\Users\\emnak\\OneDrive\\Desktop\\DiscordBot\\src\\controllers\\templatesControllers.ts": {"path":"C:\\Users\\emnak\\OneDrive\\Desktop\\DiscordBot\\src\\controllers\\templatesControllers.ts","statementMap":{"0":{"start":{"line":2,"column":0},"end":{"line":2,"column":57}},"1":{"start":{"line":4,"column":19},"end":{"line":4,"column":52}},"2":{"start":{"line":6,"column":28},"end":{"line":72,"column":null}},"3":{"start":{"line":7,"column":71},"end":{"line":15,"column":null}},"4":{"start":{"line":8,"column":4},"end":{"line":14,"column":5}},"5":{"start":{"line":9,"column":26},"end":{"line":9,"column":110}},"6":{"start":{"line":10,"column":6},"end":{"line":10,"column":null}},"7":{"start":{"line":12,"column":6},"end":{"line":12,"column":null}},"8":{"start":{"line":13,"column":6},"end":{"line":13,"column":null}},"9":{"start":{"line":17,"column":73},"end":{"line":25,"column":null}},"10":{"start":{"line":18,"column":4},"end":{"line":24,"column":5}},"11":{"start":{"line":19,"column":28},"end":{"line":19,"column":67}},"12":{"start":{"line":20,"column":6},"end":{"line":20,"column":null}},"13":{"start":{"line":22,"column":6},"end":{"line":22,"column":null}},"14":{"start":{"line":23,"column":6},"end":{"line":23,"column":null}},"15":{"start":{"line":27,"column":72},"end":{"line":40,"column":null}},"16":{"start":{"line":28,"column":19},"end":{"line":28,"column":29}},"17":{"start":{"line":29,"column":4},"end":{"line":39,"column":5}},"18":{"start":{"line":30,"column":23},"end":{"line":30,"column":64}},"19":{"start":{"line":31,"column":6},"end":{"line":35,"column":7}},"20":{"start":{"line":32,"column":8},"end":{"line":32,"column":null}},"21":{"start":{"line":34,"column":8},"end":{"line":34,"column":null}},"22":{"start":{"line":37,"column":6},"end":{"line":37,"column":null}},"23":{"start":{"line":38,"column":6},"end":{"line":38,"column":null}},"24":{"start":{"line":42,"column":71},"end":{"line":56,"column":null}},"25":{"start":{"line":43,"column":19},"end":{"line":43,"column":29}},"26":{"start":{"line":44,"column":24},"end":{"line":44,"column":32}},"27":{"start":{"line":45,"column":4},"end":{"line":55,"column":5}},"28":{"start":{"line":46,"column":22},"end":{"line":46,"column":75}},"29":{"start":{"line":47,"column":6},"end":{"line":51,"column":7}},"30":{"start":{"line":48,"column":8},"end":{"line":48,"column":null}},"31":{"start":{"line":50,"column":8},"end":{"line":50,"column":null}},"32":{"start":{"line":53,"column":6},"end":{"line":53,"column":null}},"33":{"start":{"line":54,"column":6},"end":{"line":54,"column":null}},"34":{"start":{"line":58,"column":71},"end":{"line":71,"column":null}},"35":{"start":{"line":59,"column":19},"end":{"line":59,"column":29}},"36":{"start":{"line":60,"column":4},"end":{"line":70,"column":5}},"37":{"start":{"line":61,"column":22},"end":{"line":61,"column":62}},"38":{"start":{"line":62,"column":6},"end":{"line":66,"column":7}},"39":{"start":{"line":63,"column":8},"end":{"line":63,"column":null}},"40":{"start":{"line":65,"column":8},"end":{"line":65,"column":null}},"41":{"start":{"line":68,"column":6},"end":{"line":68,"column":null}},"42":{"start":{"line":69,"column":6},"end":{"line":69,"column":null}},"43":{"start":{"line":74,"column":0},"end":{"line":74,"column":null}}},"fnMap":{"0":{"name":"(anonymous_8)","decl":{"start":{"line":7,"column":18},"end":{"line":7,"column":25}},"loc":{"start":{"line":7,"column":71},"end":{"line":15,"column":null}}},"1":{"name":"(anonymous_9)","decl":{"start":{"line":7,"column":71},"end":{"line":7,"column":null}},"loc":{"start":{"line":7,"column":71},"end":{"line":15,"column":3}}},"2":{"name":"(anonymous_10)","decl":{"start":{"line":17,"column":19},"end":{"line":17,"column":26}},"loc":{"start":{"line":17,"column":73},"end":{"line":25,"column":null}}},"3":{"name":"(anonymous_11)","decl":{"start":{"line":17,"column":73},"end":{"line":17,"column":null}},"loc":{"start":{"line":17,"column":73},"end":{"line":25,"column":3}}},"4":{"name":"(anonymous_12)","decl":{"start":{"line":27,"column":19},"end":{"line":27,"column":26}},"loc":{"start":{"line":27,"column":72},"end":{"line":40,"column":null}}},"5":{"name":"(anonymous_13)","decl":{"start":{"line":27,"column":72},"end":{"line":27,"column":null}},"loc":{"start":{"line":27,"column":72},"end":{"line":40,"column":3}}},"6":{"name":"(anonymous_14)","decl":{"start":{"line":42,"column":18},"end":{"line":42,"column":25}},"loc":{"start":{"line":42,"column":71},"end":{"line":56,"column":null}}},"7":{"name":"(anonymous_15)","decl":{"start":{"line":42,"column":71},"end":{"line":42,"column":null}},"loc":{"start":{"line":42,"column":71},"end":{"line":56,"column":3}}},"8":{"name":"(anonymous_16)","decl":{"start":{"line":58,"column":18},"end":{"line":58,"column":25}},"loc":{"start":{"line":58,"column":71},"end":{"line":71,"column":null}}},"9":{"name":"(anonymous_17)","decl":{"start":{"line":58,"column":71},"end":{"line":58,"column":null}},"loc":{"start":{"line":58,"column":71},"end":{"line":71,"column":3}}}},"branchMap":{"0":{"loc":{"start":{"line":31,"column":6},"end":{"line":35,"column":7}},"type":"if","locations":[{"start":{"line":31,"column":6},"end":{"line":35,"column":7}},{"start":{"line":33,"column":13},"end":{"line":35,"column":7}}]},"1":{"loc":{"start":{"line":47,"column":6},"end":{"line":51,"column":7}},"type":"if","locations":[{"start":{"line":47,"column":6},"end":{"line":51,"column":7}},{"start":{"line":49,"column":13},"end":{"line":51,"column":7}}]},"2":{"loc":{"start":{"line":62,"column":6},"end":{"line":66,"column":7}},"type":"if","locations":[{"start":{"line":62,"column":6},"end":{"line":66,"column":7}},{"start":{"line":64,"column":13},"end":{"line":66,"column":7}}]}},"s":{"0":1,"1":1,"2":1,"3":2,"4":2,"5":2,"6":1,"7":1,"8":1,"9":2,"10":2,"11":2,"12":1,"13":1,"14":1,"15":3,"16":3,"17":3,"18":3,"19":2,"20":1,"21":1,"22":1,"23":1,"24":3,"25":3,"26":3,"27":3,"28":3,"29":2,"30":1,"31":1,"32":1,"33":1,"34":3,"35":3,"36":3,"37":3,"38":2,"39":1,"40":1,"41":1,"42":1,"43":1},"f":{"0":2,"1":2,"2":2,"3":2,"4":3,"5":3,"6":3,"7":3,"8":3,"9":3},"b":{"0":[1,1],"1":[1,1],"2":[1,1]}}
,"C:\\Users\\emnak\\OneDrive\\Desktop\\DiscordBot\\src\\services\\databaseService.ts": {"path":"C:\\Users\\emnak\\OneDrive\\Desktop\\DiscordBot\\src\\services\\databaseService.ts","statementMap":{"0":{"start":{"line":1,"column":0},"end":{"line":1,"column":29}},"1":{"start":{"line":2,"column":0},"end":{"line":2,"column":39}},"2":{"start":{"line":5,"column":18},"end":{"line":8,"column":2}},"3":{"start":{"line":13,"column":15},"end":{"line":13,"column":30}},"4":{"start":{"line":15,"column":4},"end":{"line":24,"column":5}},"5":{"start":{"line":16,"column":6},"end":{"line":20,"column":7}},"6":{"start":{"line":17,"column":8},"end":{"line":17,"column":null}},"7":{"start":{"line":19,"column":8},"end":{"line":19,"column":null}},"8":{"start":{"line":22,"column":6},"end":{"line":22,"column":null}},"9":{"start":{"line":23,"column":6},"end":{"line":23,"column":null}},"10":{"start":{"line":35,"column":15},"end":{"line":35,"column":30}},"11":{"start":{"line":36,"column":19},"end":{"line":39,"column":6}},"12":{"start":{"line":40,"column":4},"end":{"line":40,"column":null}},"13":{"start":{"line":44,"column":15},"end":{"line":44,"column":30}},"14":{"start":{"line":45,"column":20},"end":{"line":45,"column":57}},"15":{"start":{"line":46,"column":4},"end":{"line":46,"column":null}},"16":{"start":{"line":50,"column":15},"end":{"line":50,"column":30}},"17":{"start":{"line":51,"column":19},"end":{"line":51,"column":91}},"18":{"start":{"line":53,"column":4},"end":{"line":57,"column":5}},"19":{"start":{"line":54,"column":6},"end":{"line":54,"column":null}},"20":{"start":{"line":56,"column":6},"end":{"line":56,"column":null}},"21":{"start":{"line":64,"column":15},"end":{"line":64,"column":30}},"22":{"start":{"line":65,"column":19},"end":{"line":69,"column":6}},"23":{"start":{"line":70,"column":4},"end":{"line":70,"column":null}},"24":{"start":{"line":74,"column":15},"end":{"line":74,"column":30}},"25":{"start":{"line":75,"column":19},"end":{"line":75,"column":54}},"26":{"start":{"line":76,"column":4},"end":{"line":76,"column":null}},"27":{"start":{"line":80,"column":15},"end":{"line":80,"column":30}},"28":{"start":{"line":81,"column":19},"end":{"line":81,"column":89}},"29":{"start":{"line":82,"column":4},"end":{"line":82,"column":null}},"30":{"start":{"line":86,"column":15},"end":{"line":86,"column":30}},"31":{"start":{"line":88,"column":19},"end":{"line":88,"column":99}},"32":{"start":{"line":90,"column":4},"end":{"line":94,"column":5}},"33":{"start":{"line":91,"column":6},"end":{"line":91,"column":null}},"34":{"start":{"line":93,"column":6},"end":{"line":93,"column":null}},"35":{"start":{"line":98,"column":15},"end":{"line":98,"column":30}},"36":{"start":{"line":99,"column":22},"end":{"line":99,"column":61}},"37":{"start":{"line":100,"column":4},"end":{"line":100,"column":null}},"38":{"start":{"line":104,"column":15},"end":{"line":104,"column":30}},"39":{"start":{"line":105,"column":21},"end":{"line":105,"column":79}},"40":{"start":{"line":106,"column":4},"end":{"line":106,"column":null}},"41":{"start":{"line":110,"column":15},"end":{"line":110,"column":30}},"42":{"start":{"line":111,"column":19},"end":{"line":111,"column":95}},"43":{"start":{"line":112,"column":4},"end":{"line":112,"column":null}},"44":{"start":{"line":116,"column":15},"end":{"line":116,"column":30}},"45":{"start":{"line":117,"column":19},"end":{"line":117,"column":75}},"46":{"start":{"line":118,"column":4},"end":{"line":118,"column":null}},"47":{"start":{"line":123,"column":15},"end":{"line":123,"column":30}},"48":{"start":{"line":124,"column":4},"end":{"line":132,"column":5}},"49":{"start":{"line":125,"column":42},"end":{"line":126,"column":null}},"50":{"start":{"line":128,"column":6},"end":{"line":128,"column":null}},"51":{"start":{"line":130,"column":6},"end":{"line":130,"column":null}},"52":{"start":{"line":131,"column":6},"end":{"line":131,"column":null}},"53":{"start":{"line":136,"column":15},"end":{"line":136,"column":30}},"54":{"start":{"line":137,"column":4},"end":{"line":151,"column":5}},"55":{"start":{"line":138,"column":6},"end":{"line":148,"column":null}},"56":{"start":{"line":150,"column":6},"end":{"line":150,"column":null}},"57":{"start":{"line":155,"column":15},"end":{"line":155,"column":30}},"58":{"start":{"line":156,"column":4},"end":{"line":162,"column":5}},"59":{"start":{"line":157,"column":21},"end":{"line":157,"column":103}},"60":{"start":{"line":158,"column":6},"end":{"line":158,"column":null}},"61":{"start":{"line":160,"column":6},"end":{"line":160,"column":null}},"62":{"start":{"line":161,"column":6},"end":{"line":161,"column":null}},"63":{"start":{"line":166,"column":15},"end":{"line":166,"column":30}},"64":{"start":{"line":167,"column":4},"end":{"line":180,"column":5}},"65":{"start":{"line":168,"column":36},"end":{"line":168,"column":107}},"66":{"start":{"line":170,"column":6},"end":{"line":172,"column":7}},"67":{"start":{"line":171,"column":8},"end":{"line":171,"column":null}},"68":{"start":{"line":174,"column":6},"end":{"line":174,"column":null}},"69":{"start":{"line":175,"column":6},"end":{"line":175,"column":null}},"70":{"start":{"line":177,"column":6},"end":{"line":177,"column":null}},"71":{"start":{"line":178,"column":6},"end":{"line":178,"column":null}},"72":{"start":{"line":179,"column":6},"end":{"line":179,"column":null}},"73":{"start":{"line":184,"column":15},"end":{"line":184,"column":30}},"74":{"start":{"line":185,"column":21},"end":{"line":185,"column":74}},"75":{"start":{"line":186,"column":4},"end":{"line":186,"column":null}},"76":{"start":{"line":189,"column":15},"end":{"line":189,"column":30}},"77":{"start":{"line":190,"column":4},"end":{"line":196,"column":5}},"78":{"start":{"line":191,"column":23},"end":{"line":191,"column":107}},"79":{"start":{"line":192,"column":6},"end":{"line":192,"column":null}},"80":{"start":{"line":194,"column":6},"end":{"line":194,"column":null}},"81":{"start":{"line":195,"column":6},"end":{"line":195,"column":null}},"82":{"start":{"line":200,"column":15},"end":{"line":200,"column":30}},"83":{"start":{"line":201,"column":4},"end":{"line":207,"column":5}},"84":{"start":{"line":202,"column":23},"end":{"line":202,"column":111}},"85":{"start":{"line":203,"column":6},"end":{"line":203,"column":null}},"86":{"start":{"line":205,"column":6},"end":{"line":205,"column":null}},"87":{"start":{"line":206,"column":6},"end":{"line":206,"column":null}},"88":{"start":{"line":10,"column":0},"end":{"line":10,"column":13}},"89":{"start":{"line":211,"column":0},"end":{"line":211,"column":null}}},"fnMap":{"0":{"name":"(anonymous_8)","decl":{"start":{"line":12,"column":2},"end":{"line":12,"column":8}},"loc":{"start":{"line":12,"column":52},"end":{"line":25,"column":null}}},"1":{"name":"(anonymous_10)","decl":{"start":{"line":28,"column":2},"end":{"line":28,"column":8}},"loc":{"start":{"line":34,"column":3},"end":{"line":41,"column":null}}},"2":{"name":"(anonymous_12)","decl":{"start":{"line":43,"column":2},"end":{"line":43,"column":8}},"loc":{"start":{"line":43,"column":28},"end":{"line":47,"column":null}}},"3":{"name":"(anonymous_14)","decl":{"start":{"line":49,"column":2},"end":{"line":49,"column":8}},"loc":{"start":{"line":49,"column":49},"end":{"line":58,"column":null}}},"4":{"name":"(anonymous_16)","decl":{"start":{"line":60,"column":2},"end":{"line":60,"column":8}},"loc":{"start":{"line":62,"column":91},"end":{"line":71,"column":null}}},"5":{"name":"(anonymous_18)","decl":{"start":{"line":73,"column":2},"end":{"line":73,"column":8}},"loc":{"start":{"line":73,"column":31},"end":{"line":77,"column":null}}},"6":{"name":"(anonymous_20)","decl":{"start":{"line":79,"column":2},"end":{"line":79,"column":8}},"loc":{"start":{"line":79,"column":52},"end":{"line":83,"column":null}}},"7":{"name":"(anonymous_22)","decl":{"start":{"line":85,"column":2},"end":{"line":85,"column":8}},"loc":{"start":{"line":85,"column":79},"end":{"line":95,"column":null}}},"8":{"name":"(anonymous_24)","decl":{"start":{"line":97,"column":2},"end":{"line":97,"column":8}},"loc":{"start":{"line":97,"column":30},"end":{"line":101,"column":null}}},"9":{"name":"(anonymous_26)","decl":{"start":{"line":103,"column":2},"end":{"line":103,"column":8}},"loc":{"start":{"line":103,"column":41},"end":{"line":107,"column":null}}},"10":{"name":"(anonymous_28)","decl":{"start":{"line":109,"column":2},"end":{"line":109,"column":8}},"loc":{"start":{"line":109,"column":74},"end":{"line":113,"column":null}}},"11":{"name":"(anonymous_30)","decl":{"start":{"line":115,"column":2},"end":{"line":115,"column":8}},"loc":{"start":{"line":115,"column":40},"end":{"line":119,"column":null}}},"12":{"name":"(anonymous_32)","decl":{"start":{"line":122,"column":2},"end":{"line":122,"column":8}},"loc":{"start":{"line":122,"column":39},"end":{"line":133,"column":null}}},"13":{"name":"(anonymous_34)","decl":{"start":{"line":135,"column":2},"end":{"line":135,"column":8}},"loc":{"start":{"line":135,"column":57},"end":{"line":152,"column":null}}},"14":{"name":"(anonymous_36)","decl":{"start":{"line":154,"column":2},"end":{"line":154,"column":8}},"loc":{"start":{"line":154,"column":48},"end":{"line":163,"column":null}}},"15":{"name":"(anonymous_38)","decl":{"start":{"line":165,"column":2},"end":{"line":165,"column":8}},"loc":{"start":{"line":165,"column":39},"end":{"line":181,"column":null}}},"16":{"name":"(anonymous_40)","decl":{"start":{"line":183,"column":2},"end":{"line":183,"column":8}},"loc":{"start":{"line":183,"column":29},"end":{"line":187,"column":null}}},"17":{"name":"(anonymous_42)","decl":{"start":{"line":188,"column":2},"end":{"line":188,"column":8}},"loc":{"start":{"line":188,"column":49},"end":{"line":197,"column":null}}},"18":{"name":"(anonymous_44)","decl":{"start":{"line":199,"column":2},"end":{"line":199,"column":8}},"loc":{"start":{"line":199,"column":53},"end":{"line":208,"column":null}}}},"branchMap":{"0":{"loc":{"start":{"line":16,"column":6},"end":{"line":20,"column":7}},"type":"if","locations":[{"start":{"line":16,"column":6},"end":{"line":20,"column":7}},{"start":{"line":18,"column":13},"end":{"line":20,"column":7}}]},"1":{"loc":{"start":{"line":53,"column":4},"end":{"line":57,"column":5}},"type":"if","locations":[{"start":{"line":53,"column":4},"end":{"line":57,"column":5}},{"start":{"line":55,"column":11},"end":{"line":57,"column":5}}]},"2":{"loc":{"start":{"line":70,"column":11},"end":{"line":70,"column":62}},"type":"binary-expr","locations":[{"start":{"line":70,"column":11},"end":{"line":70,"column":40}},{"start":{"line":70,"column":44},"end":{"line":70,"column":62}}]},"3":{"loc":{"start":{"line":70,"column":11},"end":{"line":70,"column":26}},"type":"cond-expr","locations":[{"start":{"line":70,"column":17},"end":{"line":70,"column":19}},{"start":{"line":70,"column":11},"end":{"line":70,"column":26}}]},"4":{"loc":{"start":{"line":70,"column":11},"end":{"line":70,"column":19}},"type":"binary-expr","locations":[{"start":{"line":70,"column":11},"end":{"line":70,"column":19}},{"start":{"line":70,"column":11},"end":{"line":70,"column":19}}]},"5":{"loc":{"start":{"line":76,"column":11},"end":{"line":76,"column":62}},"type":"binary-expr","locations":[{"start":{"line":76,"column":11},"end":{"line":76,"column":40}},{"start":{"line":76,"column":44},"end":{"line":76,"column":62}}]},"6":{"loc":{"start":{"line":76,"column":11},"end":{"line":76,"column":26}},"type":"cond-expr","locations":[{"start":{"line":76,"column":17},"end":{"line":76,"column":19}},{"start":{"line":76,"column":11},"end":{"line":76,"column":26}}]},"7":{"loc":{"start":{"line":76,"column":11},"end":{"line":76,"column":19}},"type":"binary-expr","locations":[{"start":{"line":76,"column":11},"end":{"line":76,"column":19}},{"start":{"line":76,"column":11},"end":{"line":76,"column":19}}]},"8":{"loc":{"start":{"line":82,"column":11},"end":{"line":82,"column":62}},"type":"binary-expr","locations":[{"start":{"line":82,"column":11},"end":{"line":82,"column":40}},{"start":{"line":82,"column":44},"end":{"line":82,"column":62}}]},"9":{"loc":{"start":{"line":82,"column":11},"end":{"line":82,"column":26}},"type":"cond-expr","locations":[{"start":{"line":82,"column":17},"end":{"line":82,"column":19}},{"start":{"line":82,"column":11},"end":{"line":82,"column":26}}]},"10":{"loc":{"start":{"line":82,"column":11},"end":{"line":82,"column":19}},"type":"binary-expr","locations":[{"start":{"line":82,"column":11},"end":{"line":82,"column":19}},{"start":{"line":82,"column":11},"end":{"line":82,"column":19}}]},"11":{"loc":{"start":{"line":90,"column":4},"end":{"line":94,"column":5}},"type":"if","locations":[{"start":{"line":90,"column":4},"end":{"line":94,"column":5}},{"start":{"line":92,"column":11},"end":{"line":94,"column":5}}]},"12":{"loc":{"start":{"line":90,"column":8},"end":{"line":90,"column":67}},"type":"binary-expr","locations":[{"start":{"line":90,"column":8},"end":{"line":90,"column":36}},{"start":{"line":90,"column":40},"end":{"line":90,"column":67}}]},"13":{"loc":{"start":{"line":91,"column":19},"end":{"line":91,"column":49}},"type":"binary-expr","locations":[{"start":{"line":91,"column":19},"end":{"line":91,"column":21}},{"start":{"line":91,"column":25},"end":{"line":91,"column":49}}]},"14":{"loc":{"start":{"line":106,"column":11},"end":{"line":106,"column":27}},"type":"binary-expr","locations":[{"start":{"line":106,"column":11},"end":{"line":106,"column":19}},{"start":{"line":106,"column":23},"end":{"line":106,"column":27}}]},"15":{"loc":{"start":{"line":112,"column":11},"end":{"line":112,"column":62}},"type":"binary-expr","locations":[{"start":{"line":112,"column":11},"end":{"line":112,"column":40}},{"start":{"line":112,"column":44},"end":{"line":112,"column":62}}]},"16":{"loc":{"start":{"line":112,"column":11},"end":{"line":112,"column":26}},"type":"cond-expr","locations":[{"start":{"line":112,"column":17},"end":{"line":112,"column":19}},{"start":{"line":112,"column":11},"end":{"line":112,"column":26}}]},"17":{"loc":{"start":{"line":112,"column":11},"end":{"line":112,"column":19}},"type":"binary-expr","locations":[{"start":{"line":112,"column":11},"end":{"line":112,"column":19}},{"start":{"line":112,"column":11},"end":{"line":112,"column":19}}]},"18":{"loc":{"start":{"line":118,"column":11},"end":{"line":118,"column":62}},"type":"binary-expr","locations":[{"start":{"line":118,"column":11},"end":{"line":118,"column":40}},{"start":{"line":118,"column":44},"end":{"line":118,"column":62}}]},"19":{"loc":{"start":{"line":118,"column":11},"end":{"line":118,"column":26}},"type":"cond-expr","locations":[{"start":{"line":118,"column":17},"end":{"line":118,"column":19}},{"start":{"line":118,"column":11},"end":{"line":118,"column":26}}]},"20":{"loc":{"start":{"line":118,"column":11},"end":{"line":118,"column":19}},"type":"binary-expr","locations":[{"start":{"line":118,"column":11},"end":{"line":118,"column":19}},{"start":{"line":118,"column":11},"end":{"line":118,"column":19}}]},"21":{"loc":{"start":{"line":128,"column":13},"end":{"line":128,"column":63}},"type":"cond-expr","locations":[{"start":{"line":128,"column":40},"end":{"line":128,"column":42}},{"start":{"line":128,"column":13},"end":{"line":128,"column":63}}]},"22":{"loc":{"start":{"line":128,"column":13},"end":{"line":128,"column":42}},"type":"binary-expr","locations":[{"start":{"line":128,"column":13},"end":{"line":128,"column":42}},{"start":{"line":128,"column":13},"end":{"line":128,"column":42}}]},"23":{"loc":{"start":{"line":158,"column":13},"end":{"line":158,"column":58}},"type":"binary-expr","locations":[{"start":{"line":158,"column":13},"end":{"line":158,"column":32}},{"start":{"line":158,"column":36},"end":{"line":158,"column":58}}]},"24":{"loc":{"start":{"line":158,"column":13},"end":{"line":158,"column":32}},"type":"cond-expr","locations":[{"start":{"line":158,"column":19},"end":{"line":158,"column":21}},{"start":{"line":158,"column":13},"end":{"line":158,"column":32}}]},"25":{"loc":{"start":{"line":158,"column":13},"end":{"line":158,"column":21}},"type":"binary-expr","locations":[{"start":{"line":158,"column":13},"end":{"line":158,"column":21}},{"start":{"line":158,"column":13},"end":{"line":158,"column":21}}]},"26":{"loc":{"start":{"line":170,"column":6},"end":{"line":172,"column":7}},"type":"if","locations":[{"start":{"line":170,"column":6},"end":{"line":172,"column":7}}]},"27":{"loc":{"start":{"line":170,"column":10},"end":{"line":170,"column":64}},"type":"binary-expr","locations":[{"start":{"line":170,"column":10},"end":{"line":170,"column":31}},{"start":{"line":170,"column":35},"end":{"line":170,"column":64}}]},"28":{"loc":{"start":{"line":192,"column":13},"end":{"line":192,"column":27}},"type":"binary-expr","locations":[{"start":{"line":192,"column":13},"end":{"line":192,"column":21}},{"start":{"line":192,"column":25},"end":{"line":192,"column":27}}]},"29":{"loc":{"start":{"line":203,"column":13},"end":{"line":203,"column":27}},"type":"binary-expr","locations":[{"start":{"line":203,"column":13},"end":{"line":203,"column":21}},{"start":{"line":203,"column":25},"end":{"line":203,"column":27}}]}},"s":{"0":2,"1":2,"2":2,"3":0,"4":0,"5":0,"6":0,"7":0,"8":0,"9":0,"10":0,"11":0,"12":0,"13":0,"14":0,"15":0,"16":0,"17":0,"18":0,"19":0,"20":0,"21":0,"22":0,"23":0,"24":0,"25":0,"26":0,"27":0,"28":0,"29":0,"30":0,"31":0,"32":0,"33":0,"34":0,"35":0,"36":0,"37":0,"38":0,"39":0,"40":0,"41":0,"42":0,"43":0,"44":0,"45":0,"46":0,"47":0,"48":0,"49":0,"50":0,"51":0,"52":0,"53":0,"54":0,"55":0,"56":0,"57":0,"58":0,"59":0,"60":0,"61":0,"62":0,"63":0,"64":0,"65":0,"66":0,"67":0,"68":0,"69":0,"70":0,"71":0,"72":0,"73":0,"74":0,"75":0,"76":0,"77":0,"78":0,"79":0,"80":0,"81":0,"82":0,"83":0,"84":0,"85":0,"86":0,"87":0,"88":2,"89":2},"f":{"0":0,"1":0,"2":0,"3":0,"4":0,"5":0,"6":0,"7":0,"8":0,"9":0,"10":0,"11":0,"12":0,"13":0,"14":0,"15":0,"16":0,"17":0,"18":0},"b":{"0":[0,0],"1":[0,0],"2":[0,0],"3":[0,0],"4":[0,0],"5":[0,0],"6":[0,0],"7":[0,0],"8":[0,0],"9":[0,0],"10":[0,0],"11":[0,0],"12":[0,0],"13":[0,0],"14":[0,0],"15":[0,0],"16":[0,0],"17":[0,0],"18":[0,0],"19":[0,0],"20":[0,0],"21":[0,0],"22":[0,0],"23":[0,0],"24":[0,0],"25":[0,0],"26":[0],"27":[0,0],"28":[0,0],"29":[0,0]}}
}
