TN:
SF:src\controllers\sprintsController.ts
FN:7,(anonymous_8)
FN:7,(anonymous_9)
FN:23,(anonymous_10)
FN:23,(anonymous_11)
FN:33,(anonymous_12)
FN:33,(anonymous_13)
FN:50,(anonymous_14)
FN:50,(anonymous_15)
FN:65,(anonymous_16)
FN:65,(anonymous_17)
FN:82,(anonymous_18)
FN:82,(anonymous_19)
FNF:12
FNH:12
FNDA:2,(anonymous_8)
FNDA:2,(anonymous_9)
FNDA:2,(anonymous_10)
FNDA:2,(anonymous_11)
FNDA:3,(anonymous_12)
FNDA:3,(anonymous_13)
FNDA:3,(anonymous_14)
FNDA:3,(anonymous_15)
FNDA:3,(anonymous_16)
FNDA:3,(anonymous_17)
FNDA:3,(anonymous_18)
FNDA:3,(anonymous_19)
DA:2,1
DA:4,1
DA:6,1
DA:7,2
DA:8,2
DA:9,2
DA:10,2
DA:12,1
DA:13,1
DA:15,0
DA:18,1
DA:19,1
DA:23,2
DA:24,2
DA:25,2
DA:26,1
DA:28,1
DA:29,1
DA:33,3
DA:34,3
DA:36,3
DA:37,3
DA:39,2
DA:40,1
DA:42,1
DA:45,1
DA:46,1
DA:50,3
DA:51,3
DA:52,3
DA:54,2
DA:55,1
DA:57,1
DA:60,1
DA:61,1
DA:65,3
DA:66,3
DA:68,3
DA:69,3
DA:71,2
DA:72,1
DA:74,1
DA:77,1
DA:78,1
DA:82,3
DA:83,3
DA:84,3
DA:86,3
DA:87,3
DA:89,2
DA:90,1
DA:92,1
DA:95,1
DA:96,1
DA:101,1
LF:55
LH:54
BRDA:12,0,0,1
BRDA:12,0,1,0
BRDA:12,1,0,1
BRDA:12,1,1,1
BRDA:12,1,2,1
BRDA:39,2,0,1
BRDA:39,2,1,1
BRDA:54,3,0,1
BRDA:54,3,1,1
BRDA:71,4,0,1
BRDA:71,4,1,1
BRDA:89,5,0,1
BRDA:89,5,1,1
BRF:13
BRH:12
end_of_record
TN:
SF:src\controllers\templatesControllers.ts
FN:7,(anonymous_8)
FN:7,(anonymous_9)
FN:17,(anonymous_10)
FN:17,(anonymous_11)
FN:27,(anonymous_12)
FN:27,(anonymous_13)
FN:42,(anonymous_14)
FN:42,(anonymous_15)
FN:58,(anonymous_16)
FN:58,(anonymous_17)
FNF:10
FNH:10
FNDA:2,(anonymous_8)
FNDA:2,(anonymous_9)
FNDA:2,(anonymous_10)
FNDA:2,(anonymous_11)
FNDA:3,(anonymous_12)
FNDA:3,(anonymous_13)
FNDA:3,(anonymous_14)
FNDA:3,(anonymous_15)
FNDA:3,(anonymous_16)
FNDA:3,(anonymous_17)
DA:2,1
DA:4,1
DA:6,1
DA:7,2
DA:8,2
DA:9,2
DA:10,1
DA:12,1
DA:13,1
DA:17,2
DA:18,2
DA:19,2
DA:20,1
DA:22,1
DA:23,1
DA:27,3
DA:28,3
DA:29,3
DA:30,3
DA:31,2
DA:32,1
DA:34,1
DA:37,1
DA:38,1
DA:42,3
DA:43,3
DA:44,3
DA:45,3
DA:46,3
DA:47,2
DA:48,1
DA:50,1
DA:53,1
DA:54,1
DA:58,3
DA:59,3
DA:60,3
DA:61,3
DA:62,2
DA:63,1
DA:65,1
DA:68,1
DA:69,1
DA:74,1
LF:44
LH:44
BRDA:31,0,0,1
BRDA:31,0,1,1
BRDA:47,1,0,1
BRDA:47,1,1,1
BRDA:62,2,0,1
BRDA:62,2,1,1
BRF:6
BRH:6
end_of_record
TN:
SF:src\services\databaseService.ts
FN:12,(anonymous_8)
FN:28,(anonymous_10)
FN:43,(anonymous_12)
FN:49,(anonymous_14)
FN:60,(anonymous_16)
FN:73,(anonymous_18)
FN:79,(anonymous_20)
FN:85,(anonymous_22)
FN:97,(anonymous_24)
FN:103,(anonymous_26)
FN:109,(anonymous_28)
FN:115,(anonymous_30)
FN:122,(anonymous_32)
FN:135,(anonymous_34)
FN:154,(anonymous_36)
FN:165,(anonymous_38)
FN:183,(anonymous_40)
FN:188,(anonymous_42)
FN:199,(anonymous_44)
FNF:19
FNH:0
FNDA:0,(anonymous_8)
FNDA:0,(anonymous_10)
FNDA:0,(anonymous_12)
FNDA:0,(anonymous_14)
FNDA:0,(anonymous_16)
FNDA:0,(anonymous_18)
FNDA:0,(anonymous_20)
FNDA:0,(anonymous_22)
FNDA:0,(anonymous_24)
FNDA:0,(anonymous_26)
FNDA:0,(anonymous_28)
FNDA:0,(anonymous_30)
FNDA:0,(anonymous_32)
FNDA:0,(anonymous_34)
FNDA:0,(anonymous_36)
FNDA:0,(anonymous_38)
FNDA:0,(anonymous_40)
FNDA:0,(anonymous_42)
FNDA:0,(anonymous_44)
DA:1,2
DA:2,2
DA:5,2
DA:10,2
DA:13,0
DA:15,0
DA:16,0
DA:17,0
DA:19,0
DA:22,0
DA:23,0
DA:35,0
DA:36,0
DA:40,0
DA:44,0
DA:45,0
DA:46,0
DA:50,0
DA:51,0
DA:53,0
DA:54,0
DA:56,0
DA:64,0
DA:65,0
DA:70,0
DA:74,0
DA:75,0
DA:76,0
DA:80,0
DA:81,0
DA:82,0
DA:86,0
DA:88,0
DA:90,0
DA:91,0
DA:93,0
DA:98,0
DA:99,0
DA:100,0
DA:104,0
DA:105,0
DA:106,0
DA:110,0
DA:111,0
DA:112,0
DA:116,0
DA:117,0
DA:118,0
DA:123,0
DA:124,0
DA:125,0
DA:128,0
DA:130,0
DA:131,0
DA:136,0
DA:137,0
DA:138,0
DA:150,0
DA:155,0
DA:156,0
DA:157,0
DA:158,0
DA:160,0
DA:161,0
DA:166,0
DA:167,0
DA:168,0
DA:170,0
DA:171,0
DA:174,0
DA:175,0
DA:177,0
DA:178,0
DA:179,0
DA:184,0
DA:185,0
DA:186,0
DA:189,0
DA:190,0
DA:191,0
DA:192,0
DA:194,0
DA:195,0
DA:200,0
DA:201,0
DA:202,0
DA:203,0
DA:205,0
DA:206,0
DA:211,2
LF:90
LH:5
BRDA:16,0,0,0
BRDA:16,0,1,0
BRDA:53,1,0,0
BRDA:53,1,1,0
BRDA:70,2,0,0
BRDA:70,2,1,0
BRDA:70,3,0,0
BRDA:70,3,1,0
BRDA:70,4,0,0
BRDA:70,4,1,0
BRDA:76,5,0,0
BRDA:76,5,1,0
BRDA:76,6,0,0
BRDA:76,6,1,0
BRDA:76,7,0,0
BRDA:76,7,1,0
BRDA:82,8,0,0
BRDA:82,8,1,0
BRDA:82,9,0,0
BRDA:82,9,1,0
BRDA:82,10,0,0
BRDA:82,10,1,0
BRDA:90,11,0,0
BRDA:90,11,1,0
BRDA:90,12,0,0
BRDA:90,12,1,0
BRDA:91,13,0,0
BRDA:91,13,1,0
BRDA:106,14,0,0
BRDA:106,14,1,0
BRDA:112,15,0,0
BRDA:112,15,1,0
BRDA:112,16,0,0
BRDA:112,16,1,0
BRDA:112,17,0,0
BRDA:112,17,1,0
BRDA:118,18,0,0
BRDA:118,18,1,0
BRDA:118,19,0,0
BRDA:118,19,1,0
BRDA:118,20,0,0
BRDA:118,20,1,0
BRDA:128,21,0,0
BRDA:128,21,1,0
BRDA:128,22,0,0
BRDA:128,22,1,0
BRDA:158,23,0,0
BRDA:158,23,1,0
BRDA:158,24,0,0
BRDA:158,24,1,0
BRDA:158,25,0,0
BRDA:158,25,1,0
BRDA:170,26,0,0
BRDA:170,27,0,0
BRDA:170,27,1,0
BRDA:192,28,0,0
BRDA:192,28,1,0
BRDA:203,29,0,0
BRDA:203,29,1,0
BRF:59
BRH:0
end_of_record
